<?xml version="1.0" encoding="UTF-8"?>
<coverage generated="1761227638636" clover="3.2.0">
  <project timestamp="1761227638636" name="All files">
    <metrics statements="11" coveredstatements="11" conditionals="0" coveredconditionals="0" methods="3" coveredmethods="3" elements="14" coveredelements="14" complexity="0" loc="11" ncloc="11" packages="1" files="2" classes="2"/>
    <file name="Funcionario.ts" path="C:\Users\Reny\Desktop\Faculdade\2º  Semestre\Programação orientada a objetos\Aula11\Ex0\Funcionario.ts">
      <metrics statements="6" coveredstatements="6" conditionals="0" coveredconditionals="0" methods="2" coveredmethods="2"/>
      <line num="1" count="1" type="stmt"/>
      <line num="3" count="1" type="stmt"/>
      <line num="8" count="1" type="stmt"/>
      <line num="9" count="1" type="stmt"/>
      <line num="10" count="1" type="stmt"/>
      <line num="14" count="1" type="stmt"/>
    </file>
    <file name="Pessoa.ts" path="C:\Users\Reny\Desktop\Faculdade\2º  Semestre\Programação orientada a objetos\Aula11\Ex0\Pessoa.ts">
      <metrics statements="5" coveredstatements="5" conditionals="0" coveredconditionals="0" methods="1" coveredmethods="1"/>
      <line num="1" count="1" type="stmt"/>
      <line num="8" count="1" type="stmt"/>
      <line num="9" count="1" type="stmt"/>
      <line num="10" count="1" type="stmt"/>
      <line num="11" count="1" type="stmt"/>
    </file>
  </project>
</coverage>
