{"C:\\Users\\Reny\\Desktop\\Faculdade\\2º  Semestre\\Programação orientada a objetos\\Aula11\\Ex0\\Funcionario.ts": {"path":"C:\\Users\\Reny\\Desktop\\Faculdade\\2º  Semestre\\Programação orientada a objetos\\Aula11\\Ex0\\Funcionario.ts","statementMap":{"0":{"start":{"line":1,"column":0},"end":{"line":1,"column":34}},"1":{"start":{"line":8,"column":8},"end":{"line":8,"column":null}},"2":{"start":{"line":9,"column":8},"end":{"line":9,"column":32}},"3":{"start":{"line":10,"column":8},"end":{"line":10,"column":36}},"4":{"start":{"line":14,"column":8},"end":{"line":14,"column":null}},"5":{"start":{"line":3,"column":0},"end":{"line":3,"column":13}}},"fnMap":{"0":{"name":"(anonymous_0)","decl":{"start":{"line":7,"column":4},"end":{"line":7,"column":null}},"loc":{"start":{"line":7,"column":4},"end":{"line":11,"column":5}}},"1":{"name":"(anonymous_1)","decl":{"start":{"line":13,"column":4},"end":{"line":13,"column":11}},"loc":{"start":{"line":13,"column":11},"end":{"line":15,"column":5}}}},"branchMap":{},"s":{"0":1,"1":1,"2":1,"3":1,"4":1,"5":1},"f":{"0":1,"1":1},"b":{}}
,"C:\\Users\\Reny\\Desktop\\Faculdade\\2º  Semestre\\Programação orientada a objetos\\Aula11\\Ex0\\Pessoa.ts": {"path":"C:\\Users\\Reny\\Desktop\\Faculdade\\2º  Semestre\\Programação orientada a objetos\\Aula11\\Ex0\\Pessoa.ts","statementMap":{"0":{"start":{"line":8,"column":8},"end":{"line":8,"column":27}},"1":{"start":{"line":9,"column":8},"end":{"line":9,"column":24}},"2":{"start":{"line":10,"column":8},"end":{"line":10,"column":23}},"3":{"start":{"line":11,"column":8},"end":{"line":11,"column":26}},"4":{"start":{"line":1,"column":0},"end":{"line":1,"column":13}}},"fnMap":{"0":{"name":"(anonymous_0)","decl":{"start":{"line":7,"column":4},"end":{"line":7,"column":null}},"loc":{"start":{"line":7,"column":4},"end":{"line":12,"column":5}}}},"branchMap":{},"s":{"0":1,"1":1,"2":1,"3":1,"4":1},"f":{"0":1},"b":{}}
}
