<?xml version="1.0" encoding="UTF-8"?>
<coverage generated="1756930891334" clover="3.2.0">
  <project timestamp="1756930891335" name="All files">
    <metrics statements="18" coveredstatements="16" conditionals="8" coveredconditionals="4" methods="5" coveredmethods="5" elements="31" coveredelements="25" complexity="0" loc="18" ncloc="18" packages="1" files="1" classes="1"/>
    <file name="banco.ts" path="C:\Users\Reny\Desktop\Faculdade\Juventude digital\Typescript\Aula02\banco.ts">
      <metrics statements="18" coveredstatements="16" conditionals="8" coveredconditionals="4" methods="5" coveredmethods="5"/>
      <line num="7" count="1" type="stmt"/>
      <line num="12" count="3" type="stmt"/>
      <line num="13" count="3" type="stmt"/>
      <line num="17" count="1" type="cond" truecount="1" falsecount="1"/>
      <line num="18" count="0" type="stmt"/>
      <line num="20" count="1" type="stmt"/>
      <line num="21" count="1" type="stmt"/>
      <line num="25" count="2" type="stmt"/>
      <line num="31" count="1" type="stmt"/>
      <line num="34" count="3" type="stmt"/>
      <line num="35" count="3" type="stmt"/>
      <line num="38" count="2" type="stmt"/>
      <line num="39" count="2" type="cond" truecount="1" falsecount="1"/>
      <line num="40" count="0" type="stmt"/>
      <line num="42" count="2" type="cond" truecount="2" falsecount="0"/>
      <line num="43" count="1" type="stmt"/>
      <line num="47" count="1" type="stmt"/>
      <line num="48" count="1" type="stmt"/>
    </file>
  </project>
</coverage>
