{"C:\\Users\\Reny\\Desktop\\Faculdade\\Juventude digital\\Typescript\\Aula02\\banco.ts": {"path":"C:\\Users\\Reny\\Desktop\\Faculdade\\Juventude digital\\Typescript\\Aula02\\banco.ts","statementMap":{"0":{"start":{"line":12,"column":8},"end":{"line":12,"column":31}},"1":{"start":{"line":13,"column":8},"end":{"line":13,"column":34}},"2":{"start":{"line":17,"column":8},"end":{"line":19,"column":9}},"3":{"start":{"line":18,"column":12},"end":{"line":18,"column":59}},"4":{"start":{"line":20,"column":8},"end":{"line":20,"column":28}},"5":{"start":{"line":21,"column":8},"end":{"line":21,"column":null}},"6":{"start":{"line":25,"column":8},"end":{"line":25,"column":26}},"7":{"start":{"line":7,"column":0},"end":{"line":7,"column":22}},"8":{"start":{"line":34,"column":8},"end":{"line":34,"column":37}},"9":{"start":{"line":35,"column":8},"end":{"line":35,"column":43}},"10":{"start":{"line":38,"column":32},"end":{"line":38,"column":70}},"11":{"start":{"line":39,"column":8},"end":{"line":41,"column":9}},"12":{"start":{"line":40,"column":12},"end":{"line":40,"column":null}},"13":{"start":{"line":42,"column":8},"end":{"line":46,"column":9}},"14":{"start":{"line":43,"column":12},"end":{"line":45,"column":null}},"15":{"start":{"line":47,"column":8},"end":{"line":47,"column":28}},"16":{"start":{"line":48,"column":8},"end":{"line":48,"column":null}},"17":{"start":{"line":31,"column":0},"end":{"line":31,"column":13}}},"fnMap":{"0":{"name":"(anonymous_0)","decl":{"start":{"line":10,"column":4},"end":{"line":10,"column":16}},"loc":{"start":{"line":10,"column":57},"end":{"line":14,"column":5}}},"1":{"name":"(anonymous_1)","decl":{"start":{"line":16,"column":11},"end":{"line":16,"column":20}},"loc":{"start":{"line":16,"column":34},"end":{"line":22,"column":5}}},"2":{"name":"(anonymous_2)","decl":{"start":{"line":24,"column":11},"end":{"line":24,"column":25}},"loc":{"start":{"line":24,"column":25},"end":{"line":26,"column":5}}},"3":{"name":"(anonymous_3)","decl":{"start":{"line":33,"column":4},"end":{"line":33,"column":16}},"loc":{"start":{"line":33,"column":71},"end":{"line":36,"column":5}}},"4":{"name":"(anonymous_4)","decl":{"start":{"line":37,"column":11},"end":{"line":37,"column":16}},"loc":{"start":{"line":37,"column":29},"end":{"line":49,"column":5}}}},"branchMap":{"0":{"loc":{"start":{"line":10,"column":33},"end":{"line":10,"column":57}},"type":"default-arg","locations":[{"start":{"line":10,"column":56},"end":{"line":10,"column":57}}]},"1":{"loc":{"start":{"line":17,"column":8},"end":{"line":19,"column":9}},"type":"if","locations":[{"start":{"line":17,"column":8},"end":{"line":19,"column":9}},{"start":{},"end":{}}]},"2":{"loc":{"start":{"line":33,"column":53},"end":{"line":33,"column":71}},"type":"default-arg","locations":[{"start":{"line":33,"column":70},"end":{"line":33,"column":71}}]},"3":{"loc":{"start":{"line":39,"column":8},"end":{"line":41,"column":9}},"type":"if","locations":[{"start":{"line":39,"column":8},"end":{"line":41,"column":9}},{"start":{},"end":{}}]},"4":{"loc":{"start":{"line":42,"column":8},"end":{"line":46,"column":9}},"type":"if","locations":[{"start":{"line":42,"column":8},"end":{"line":46,"column":9}},{"start":{},"end":{}}]}},"s":{"0":3,"1":3,"2":1,"3":0,"4":1,"5":1,"6":2,"7":1,"8":3,"9":3,"10":2,"11":2,"12":0,"13":2,"14":1,"15":1,"16":1,"17":1},"f":{"0":3,"1":1,"2":2,"3":3,"4":2},"b":{"0":[0],"1":[0,1],"2":[0],"3":[0,2],"4":[1,1]}}
}
