TN:
SF:banco.ts
FN:10,(anonymous_0)
FN:16,(anonymous_1)
FN:24,(anonymous_2)
FN:33,(anonymous_3)
FN:37,(anonymous_4)
FNF:5
FNH:5
FNDA:3,(anonymous_0)
FNDA:1,(anonymous_1)
FNDA:2,(anonymous_2)
FNDA:3,(anonymous_3)
FNDA:2,(anonymous_4)
DA:7,1
DA:12,3
DA:13,3
DA:17,1
DA:18,0
DA:20,1
DA:21,1
DA:25,2
DA:31,1
DA:34,3
DA:35,3
DA:38,2
DA:39,2
DA:40,0
DA:42,2
DA:43,1
DA:47,1
DA:48,1
LF:18
LH:16
BRDA:10,0,0,0
BRDA:17,1,0,0
BRDA:17,1,1,1
BRDA:33,2,0,0
BRDA:39,3,0,0
BRDA:39,3,1,2
BRDA:42,4,0,1
BRDA:42,4,1,1
BRF:8
BRH:4
end_of_record
